{
  "RSpec": {
    "coverage": {
      "/Users/gilmore/code/bagukira-backend/app/controllers/application_controller.rb": {
        "lines": [
          1,
          1,
          null,
          1,
          1,
          1,
          1,
          null,
          null,
          null,
          1,
          40,
          null,
          null,
          1,
          54,
          null,
          54,
          null,
          54,
          null,
          null,
          1,
          null,
          1,
          54,
          null,
          null,
          1,
          52,
          null,
          null,
          1,
          5,
          null,
          null,
          1,
          0,
          null,
          null,
          1,
          0,
          null,
          null,
          1,
          null,
          0,
          null,
          null,
          1,
          0,
          null,
          null
        ],
        "branches": {
          "[:if, 0, 18, 4, 18, 75]": {
            "[:then, 1, 18, 4, 18, 34]": 40,
            "[:else, 2, 18, 4, 18, 75]": 14
          }
        }
      },
      "/Users/gilmore/code/bagukira-backend/app/controllers/tickets_controller.rb": {
        "lines": [
          1,
          1,
          1,
          1,
          null,
          null,
          null,
          1,
          0,
          0,
          null,
          null,
          null,
          1,
          0,
          null,
          null,
          null,
          null,
          null,
          1,
          null,
          0,
          0,
          null,
          0,
          0,
          null,
          null,
          0,
          null,
          0,
          null,
          null,
          null,
          null,
          1,
          0,
          0,
          null,
          0,
          null,
          null,
          null,
          null,
          1,
          0,
          0,
          null,
          null,
          1,
          null,
          null,
          1,
          0,
          null,
          null,
          null,
          null,
          1,
          0,
          null,
          null,
          null,
          1,
          0,
          null,
          null,
          null,
          1,
          null,
          0,
          null,
          null,
          null
        ],
        "branches": {
          "[:if, 0, 26, 4, 33, 7]": {
            "[:then, 1, 27, 6, 27, 57]": 0,
            "[:else, 2, 30, 6, 32, 90]": 0
          },
          "[:if, 3, 38, 4, 42, 7]": {
            "[:then, 4, 39, 6, 39, 42]": 0,
            "[:else, 5, 41, 6, 41, 91]": 0
          }
        }
      },
      "/Users/gilmore/code/bagukira-backend/app/controllers/units_controller.rb": {
        "lines": [
          1,
          1,
          1,
          null,
          null,
          1,
          7,
          7,
          null,
          null,
          null,
          1,
          0,
          0,
          0,
          0,
          null,
          0,
          null,
          null,
          1,
          4,
          null,
          null,
          1,
          5,
          5,
          2,
          2,
          null,
          3,
          null,
          null,
          null,
          1,
          2,
          1,
          null,
          1,
          null,
          null,
          null,
          1,
          2,
          null,
          null,
          1,
          null,
          1,
          7,
          null,
          null,
          1,
          11,
          null,
          null,
          1,
          0,
          null,
          null,
          1,
          null,
          2,
          2,
          null,
          null,
          2,
          2,
          null,
          null
        ],
        "branches": {
          "[:if, 0, 27, 4, 32, 7]": {
            "[:then, 1, 28, 6, 29, 52]": 2,
            "[:else, 2, 31, 6, 31, 87]": 3
          },
          "[:if, 3, 36, 4, 40, 7]": {
            "[:then, 4, 37, 6, 37, 42]": 1,
            "[:else, 5, 39, 6, 39, 89]": 1
          },
          "[:if, 6, 44, 4, 44, 57]": {
            "[:then, 7, 44, 4, 44, 40]": 2,
            "[:else, 8, 44, 4, 44, 57]": 0
          }
        }
      },
      "/Users/gilmore/code/bagukira-backend/app/controllers/users_controller.rb": {
        "lines": [
          1,
          1,
          1,
          null,
          null,
          1,
          9,
          9,
          null,
          null,
          1,
          2,
          null,
          null,
          1,
          6,
          6,
          3,
          3,
          null,
          3,
          null,
          null,
          null,
          1,
          8,
          5,
          5,
          null,
          3,
          null,
          null,
          null,
          1,
          4,
          null,
          4,
          4,
          null,
          null,
          1,
          null,
          1,
          14,
          null,
          null,
          1,
          16,
          null,
          null
        ],
        "branches": {
          "[:if, 0, 17, 4, 22, 7]": {
            "[:then, 1, 18, 6, 19, 64]": 3,
            "[:else, 2, 21, 6, 21, 87]": 3
          },
          "[:if, 3, 26, 4, 31, 7]": {
            "[:then, 4, 27, 6, 28, 42]": 5,
            "[:else, 5, 30, 6, 30, 96]": 3
          },
          "[:unless, 6, 35, 4, 35, 31]": {
            "[:else, 7, 35, 4, 35, 31]": 4,
            "[:then, 8, 35, 4, 35, 10]": 0
          }
        }
      },
      "/Users/gilmore/code/bagukira-backend/app/mailers/bagu_mail_mailer.rb": {
        "lines": [
          1,
          1,
          null,
          1,
          0,
          0,
          0,
          0,
          0,
          null,
          null,
          1,
          0,
          0,
          null,
          null,
          1,
          3,
          3,
          null,
          null,
          1,
          5,
          5,
          null,
          null,
          1,
          4,
          4,
          null,
          null
        ],
        "branches": {
        }
      },
      "/Users/gilmore/code/bagukira-backend/app/mailers/application_mailer.rb": {
        "lines": [
          1,
          1,
          1,
          null
        ],
        "branches": {
        }
      },
      "/Users/gilmore/code/bagukira-backend/app/models/ticket.rb": {
        "lines": [
          1,
          1,
          1,
          1,
          1,
          1,
          null,
          1,
          0,
          null,
          null,
          1,
          0,
          null,
          null
        ],
        "branches": {
        }
      },
      "/Users/gilmore/code/bagukira-backend/app/models/application_record.rb": {
        "lines": [
          1,
          1,
          null
        ],
        "branches": {
        }
      },
      "/Users/gilmore/code/bagukira-backend/app/models/unit.rb": {
        "lines": [
          1,
          1,
          1,
          1,
          1,
          1,
          1,
          1,
          null,
          1,
          0,
          null,
          null
        ],
        "branches": {
        }
      },
      "/Users/gilmore/code/bagukira-backend/app/models/user.rb": {
        "lines": [
          1,
          1,
          1,
          1,
          null
        ],
        "branches": {
        }
      },
      "/Users/gilmore/code/bagukira-backend/app/jobs/application_job.rb": {
        "lines": [
          0,
          null,
          null,
          null,
          null,
          0
        ],
        "branches": {
        }
      },
      "/Users/gilmore/code/bagukira-backend/app/controllers/status_controller.rb": {
        "lines": [
          0,
          0,
          null,
          0,
          0,
          0,
          null,
          0,
          0,
          0,
          0
        ],
        "branches": {
        }
      },
      "/Users/gilmore/code/bagukira-backend/app/controllers/user_token_controller.rb": {
        "lines": [
          0,
          0
        ],
        "branches": {
        }
      },
      "/Users/gilmore/code/bagukira-backend/app/channels/application_cable/connection.rb": {
        "lines": [
          0,
          0,
          0
        ],
        "branches": {
        }
      },
      "/Users/gilmore/code/bagukira-backend/app/channels/application_cable/channel.rb": {
        "lines": [
          0,
          0,
          0
        ],
        "branches": {
        }
      }
    },
    "timestamp": 1620201715
  }
}
